mode: set
github.com/ohbyeongmin/serverless-dju-haksik/src/crawling/crawling.go:32.27,33.16 1 1
github.com/ohbyeongmin/serverless-dju-haksik/src/crawling/crawling.go:33.16,35.3 1 0
github.com/ohbyeongmin/serverless-dju-haksik/src/crawling/crawling.go:38.78,45.16 7 0
github.com/ohbyeongmin/serverless-dju-haksik/src/crawling/crawling.go:50.2,51.16 2 0
github.com/ohbyeongmin/serverless-dju-haksik/src/crawling/crawling.go:55.2,55.10 1 0
github.com/ohbyeongmin/serverless-dju-haksik/src/crawling/crawling.go:45.16,48.3 2 0
github.com/ohbyeongmin/serverless-dju-haksik/src/crawling/crawling.go:51.16,54.3 2 0
github.com/ohbyeongmin/serverless-dju-haksik/src/crawling/crawling.go:58.34,61.2 2 1
github.com/ohbyeongmin/serverless-dju-haksik/src/crawling/crawling.go:63.36,74.65 7 1
github.com/ohbyeongmin/serverless-dju-haksik/src/crawling/crawling.go:74.65,76.9 2 1
github.com/ohbyeongmin/serverless-dju-haksik/src/crawling/crawling.go:76.9,79.4 2 1
github.com/ohbyeongmin/serverless-dju-haksik/src/crawling/crawling.go:83.38,94.70 8 1
github.com/ohbyeongmin/serverless-dju-haksik/src/crawling/crawling.go:101.2,101.95 1 1
github.com/ohbyeongmin/serverless-dju-haksik/src/crawling/crawling.go:94.70,96.9 2 1
github.com/ohbyeongmin/serverless-dju-haksik/src/crawling/crawling.go:96.9,98.4 1 1
github.com/ohbyeongmin/serverless-dju-haksik/src/crawling/crawling.go:104.49,106.2 1 1
github.com/ohbyeongmin/serverless-dju-haksik/src/crawling/crawling.go:108.49,110.2 1 1
github.com/ohbyeongmin/serverless-dju-haksik/src/crawling/crawling.go:112.49,114.2 1 1
github.com/ohbyeongmin/serverless-dju-haksik/src/crawling/crawling.go:116.44,130.2 10 0
github.com/ohbyeongmin/serverless-dju-haksik/src/crawling/crawling.go:138.108,140.2 1 1
github.com/ohbyeongmin/serverless-dju-haksik/src/crawling/crawling.go:142.23,161.2 11 0
github.com/ohbyeongmin/serverless-dju-haksik/src/crawling/crawling.go:169.36,176.2 6 0
github.com/ohbyeongmin/serverless-dju-haksik/src/crawling/crawling.go:178.13,180.2 1 0
