mode: set
github.com/ohbyeongmin/serverless-dju-haksik/src/menu/menu.go:48.62,50.2 1 0
github.com/ohbyeongmin/serverless-dju-haksik/src/menu/menu.go:54.58,56.2 1 0
github.com/ohbyeongmin/serverless-dju-haksik/src/menu/menu.go:60.27,61.16 1 1
github.com/ohbyeongmin/serverless-dju-haksik/src/menu/menu.go:61.16,63.3 1 0
github.com/ohbyeongmin/serverless-dju-haksik/src/menu/menu.go:66.28,73.2 4 1
github.com/ohbyeongmin/serverless-dju-haksik/src/menu/menu.go:75.73,82.16 5 1
github.com/ohbyeongmin/serverless-dju-haksik/src/menu/menu.go:87.2,88.27 2 1
github.com/ohbyeongmin/serverless-dju-haksik/src/menu/menu.go:82.16,85.3 2 0
github.com/ohbyeongmin/serverless-dju-haksik/src/menu/menu.go:88.27,89.20 1 1
github.com/ohbyeongmin/serverless-dju-haksik/src/menu/menu.go:92.3,92.20 1 1
github.com/ohbyeongmin/serverless-dju-haksik/src/menu/menu.go:95.3,95.31 1 1
github.com/ohbyeongmin/serverless-dju-haksik/src/menu/menu.go:89.20,90.12 1 1
github.com/ohbyeongmin/serverless-dju-haksik/src/menu/menu.go:92.20,93.9 1 1
github.com/ohbyeongmin/serverless-dju-haksik/src/menu/menu.go:95.31,96.39 1 1
github.com/ohbyeongmin/serverless-dju-haksik/src/menu/menu.go:102.4,102.106 1 1
github.com/ohbyeongmin/serverless-dju-haksik/src/menu/menu.go:96.39,97.30 1 1
github.com/ohbyeongmin/serverless-dju-haksik/src/menu/menu.go:100.5,100.13 1 1
github.com/ohbyeongmin/serverless-dju-haksik/src/menu/menu.go:97.30,99.6 1 1
github.com/ohbyeongmin/serverless-dju-haksik/src/menu/menu.go:107.54,115.2 7 0
github.com/ohbyeongmin/serverless-dju-haksik/src/menu/menu.go:117.70,136.2 11 0
github.com/ohbyeongmin/serverless-dju-haksik/src/menu/menu.go:144.108,146.2 1 0
github.com/ohbyeongmin/serverless-dju-haksik/src/menu/menu.go:148.68,167.2 11 0
github.com/ohbyeongmin/serverless-dju-haksik/src/menu/menu.go:175.36,183.2 7 0
github.com/ohbyeongmin/serverless-dju-haksik/src/menu/menu.go:185.13,187.2 1 0
