mode: set
github.com/ohbyeongmin/serverless-dju-haksik/src/menu/menu.go:44.27,45.16 1 1
github.com/ohbyeongmin/serverless-dju-haksik/src/menu/menu.go:45.16,47.3 1 0
github.com/ohbyeongmin/serverless-dju-haksik/src/menu/menu.go:50.28,57.2 4 1
github.com/ohbyeongmin/serverless-dju-haksik/src/menu/menu.go:59.48,66.16 5 1
github.com/ohbyeongmin/serverless-dju-haksik/src/menu/menu.go:71.2,72.27 2 1
github.com/ohbyeongmin/serverless-dju-haksik/src/menu/menu.go:66.16,69.3 2 0
github.com/ohbyeongmin/serverless-dju-haksik/src/menu/menu.go:72.27,73.20 1 1
github.com/ohbyeongmin/serverless-dju-haksik/src/menu/menu.go:76.3,76.20 1 1
github.com/ohbyeongmin/serverless-dju-haksik/src/menu/menu.go:79.3,79.31 1 1
github.com/ohbyeongmin/serverless-dju-haksik/src/menu/menu.go:73.20,74.12 1 1
github.com/ohbyeongmin/serverless-dju-haksik/src/menu/menu.go:76.20,77.9 1 1
github.com/ohbyeongmin/serverless-dju-haksik/src/menu/menu.go:79.31,80.39 1 1
github.com/ohbyeongmin/serverless-dju-haksik/src/menu/menu.go:86.4,86.106 1 1
github.com/ohbyeongmin/serverless-dju-haksik/src/menu/menu.go:80.39,81.30 1 1
github.com/ohbyeongmin/serverless-dju-haksik/src/menu/menu.go:84.5,84.13 1 1
github.com/ohbyeongmin/serverless-dju-haksik/src/menu/menu.go:81.30,83.6 1 1
github.com/ohbyeongmin/serverless-dju-haksik/src/menu/menu.go:91.29,99.2 7 0
github.com/ohbyeongmin/serverless-dju-haksik/src/menu/menu.go:101.17,110.2 8 0
github.com/ohbyeongmin/serverless-dju-haksik/src/menu/menu.go:112.36,130.2 10 0
github.com/ohbyeongmin/serverless-dju-haksik/src/menu/menu.go:132.27,150.2 10 0
github.com/ohbyeongmin/serverless-dju-haksik/src/menu/menu.go:158.108,160.2 1 0
github.com/ohbyeongmin/serverless-dju-haksik/src/menu/menu.go:162.34,180.2 10 0
github.com/ohbyeongmin/serverless-dju-haksik/src/menu/menu.go:188.36,196.2 7 0
github.com/ohbyeongmin/serverless-dju-haksik/src/menu/menu.go:198.13,203.2 3 0
